2026-07-20 10:24:49,373 - [INFO] - app.py:73 - Initializing system architecture setup layers...
2026-07-20 10:24:49,423 - [INFO] - _internal.py:97 - [31m[1mWARNING: This is a development server. Do not use it in a production deployment. Use a production WSGI server instead.[0m
 * Running on http://127.0.0.1:5000
2026-07-20 10:24:49,423 - [INFO] - _internal.py:97 - [33mPress CTRL+C to quit[0m
2026-07-20 10:24:49,424 - [INFO] - _internal.py:97 -  * Restarting with stat
2026-07-20 10:24:49,974 - [INFO] - app.py:73 - Initializing system architecture setup layers...
2026-07-20 10:24:49,993 - [WARNING] - _internal.py:97 -  * Debugger is active!
2026-07-20 10:24:50,059 - [INFO] - _internal.py:97 -  * Debugger PIN: 601-488-984
2026-07-20 10:24:59,066 - [WARNING] - app.py:157 - Unauthorized intrusion blocked at protected path '/dashboard' from network host source: 127.0.0.1
2026-07-20 10:24:59,067 - [INFO] - _internal.py:97 - 127.0.0.1 - - [20/Jul/2026 10:24:59] "[32mGET /dashboard HTTP/1.1[0m" 302 -
2026-07-20 10:24:59,084 - [INFO] - _internal.py:97 - 127.0.0.1 - - [20/Jul/2026 10:24:59] "GET /login HTTP/1.1" 200 -
2026-07-20 10:25:04,654 - [DEBUG] - app.py:81 - Root path entry point accessed by remote client client.
2026-07-20 10:25:04,657 - [INFO] - _internal.py:97 - 127.0.0.1 - - [20/Jul/2026 10:25:04] "GET / HTTP/1.1" 200 -
2026-07-20 10:25:08,071 - [INFO] - _internal.py:97 - 127.0.0.1 - - [20/Jul/2026 10:25:08] "GET /login HTTP/1.1" 200 -
2026-07-20 10:25:35,083 - [INFO] - app.py:124 - Incoming session initialization request evaluated for address: 'bharat@gmail.com'.
2026-07-20 10:25:35,374 - [INFO] - app.py:140 - Authorization token matched. User session online for profile context 'bharat'.
2026-07-20 10:25:35,375 - [INFO] - _internal.py:97 - 127.0.0.1 - - [20/Jul/2026 10:25:35] "[32mPOST /login HTTP/1.1[0m" 302 -
2026-07-20 10:25:35,379 - [DEBUG] - app.py:160 - Pulling transactional audit logs for authorized profile session: 'bharat'.
2026-07-20 10:25:35,395 - [INFO] - _internal.py:97 - 127.0.0.1 - - [20/Jul/2026 10:25:35] "GET /dashboard HTTP/1.1" 200 -
2026-07-20 10:26:53,346 - [DEBUG] - app.py:160 - Pulling transactional audit logs for authorized profile session: 'bharat'.

this is for the dashboard for the user 
2026-07-20 10:26:53,353 - [INFO] - _internal.py:97 - 127.0.0.1 - - [20/Jul/2026 10:26:53] "GET /dashboard HTTP/1.1" 200 -
2026-07-20 10:27:20,287 - [DEBUG] - app.py:160 - Pulling transactional audit logs for authorized profile session: 'bharat'.
2026-07-20 10:27:20,290 - [INFO] - _internal.py:97 - 127.0.0.1 - - [20/Jul/2026 10:27:20] "GET /dashboard HTTP/1.1" 200 -
2026-07-20 10:27:22,521 - [INFO] - _internal.py:97 - 127.0.0.1 - - [20/Jul/2026 10:27:22] "[33mGET /users HTTP/1.1[0m" 404 -
2026-07-20 10:27:35,124 - [INFO] - _internal.py:97 - 127.0.0.1 - - [20/Jul/2026 10:27:35] "[33mGET /users HTTP/1.1[0m" 404 -
2026-07-20 10:28:19,431 - [INFO] - _internal.py:97 -  * Detected change in 'D:\\PythonWebDev\\Flask\\FlaskTutorial\\auth\\app.py', reloading
2026-07-20 10:28:19,548 - [INFO] - _internal.py:97 -  * Restarting with stat
2026-07-20 10:28:20,098 - [INFO] - app.py:73 - Initializing system architecture setup layers...
2026-07-20 10:28:20,113 - [WARNING] - _internal.py:97 -  * Debugger is active!
2026-07-20 10:28:20,115 - [INFO] - _internal.py:97 -  * Debugger PIN: 601-488-984
2026-07-20 10:28:24,172 - [INFO] - _internal.py:97 -  * Detected change in 'D:\\PythonWebDev\\Flask\\FlaskTutorial\\auth\\app.py', reloading
2026-07-20 10:28:24,280 - [INFO] - _internal.py:97 -  * Restarting with stat
2026-07-20 10:29:09,370 - [INFO] - app.py:73 - Initializing system architecture setup layers...
2026-07-20 10:29:09,394 - [INFO] - _internal.py:97 - [31m[1mWARNING: This is a development server. Do not use it in a production deployment. Use a production WSGI server instead.[0m
 * Running on http://127.0.0.1:5000
2026-07-20 10:29:09,395 - [INFO] - _internal.py:97 - [33mPress CTRL+C to quit[0m
2026-07-20 10:29:09,398 - [INFO] - _internal.py:97 -  * Restarting with stat
2026-07-20 10:29:09,890 - [INFO] - app.py:73 - Initializing system architecture setup layers...
2026-07-20 10:29:09,905 - [WARNING] - _internal.py:97 -  * Debugger is active!
2026-07-20 10:29:09,908 - [INFO] - _internal.py:97 -  * Debugger PIN: 601-488-984
2026-07-20 10:29:15,174 - [INFO] - _internal.py:97 - 127.0.0.1 - - [20/Jul/2026 10:29:15] "[33mGET /users HTTP/1.1[0m" 404 -
2026-07-20 10:29:22,052 - [INFO] - _internal.py:97 -  * Detected change in 'D:\\PythonWebDev\\Flask\\FlaskTutorial\\auth\\app.py', reloading
2026-07-20 10:29:22,165 - [INFO] - _internal.py:97 -  * Restarting with stat
2026-07-20 10:29:22,967 - [INFO] - app.py:73 - Initializing system architecture setup layers...
2026-07-20 10:29:22,983 - [WARNING] - _internal.py:97 -  * Debugger is active!
2026-07-20 10:29:22,984 - [INFO] - _internal.py:97 -  * Debugger PIN: 601-488-984
2026-07-20 10:29:26,291 - [INFO] - _internal.py:97 - 127.0.0.1 - - [20/Jul/2026 10:29:26] "GET /users HTTP/1.1" 200 -
2026-07-23 18:06:26,135 - [INFO] - app.py:73 - Initializing system architecture setup layers...
2026-07-23 18:06:26,239 - [INFO] - _internal.py:97 - [31m[1mWARNING: This is a development server. Do not use it in a production deployment. Use a production WSGI server instead.[0m
 * Running on http://127.0.0.1:5000
2026-07-23 18:06:26,240 - [INFO] - _internal.py:97 - [33mPress CTRL+C to quit[0m
2026-07-23 18:06:26,242 - [INFO] - _internal.py:97 -  * Restarting with stat
2026-07-23 18:06:26,734 - [INFO] - app.py:73 - Initializing system architecture setup layers...
2026-07-23 18:06:26,750 - [WARNING] - _internal.py:97 -  * Debugger is active!
2026-07-23 18:06:26,787 - [INFO] - _internal.py:97 -  * Debugger PIN: 145-541-483
2026-07-23 18:06:39,759 - [INFO] - _internal.py:97 - 127.0.0.1 - - [23/Jul/2026 18:06:39] "[33mGET /user/getall HTTP/1.1[0m" 404 -
2026-07-23 18:06:39,917 - [INFO] - _internal.py:97 - 127.0.0.1 - - [23/Jul/2026 18:06:39] "[33mGET /favicon.ico HTTP/1.1[0m" 404 -
2026-07-23 18:06:44,245 - [DEBUG] - app.py:81 - Root path entry point accessed by remote client client.
2026-07-23 18:06:44,249 - [INFO] - _internal.py:97 - 127.0.0.1 - - [23/Jul/2026 18:06:44] "GET / HTTP/1.1" 200 -
2026-07-23 18:06:47,951 - [INFO] - _internal.py:97 - 127.0.0.1 - - [23/Jul/2026 18:06:47] "GET /login HTTP/1.1" 200 -
2026-07-23 18:06:58,642 - [INFO] - app.py:124 - Incoming session initialization request evaluated for address: 'bharat@gmail.com'.
2026-07-23 18:06:58,904 - [WARNING] - app.py:143 - Access Denied. Failed authentication credential signature on destination mapping target: 'bharat@gmail.com'.
2026-07-23 18:06:58,904 - [INFO] - _internal.py:97 - 127.0.0.1 - - [23/Jul/2026 18:06:58] "[31m[1mPOST /login HTTP/1.1[0m" 401 -
2026-07-23 18:07:07,729 - [INFO] - app.py:124 - Incoming session initialization request evaluated for address: 'bharat@gmail.com'.
2026-07-23 18:07:07,999 - [WARNING] - app.py:143 - Access Denied. Failed authentication credential signature on destination mapping target: 'bharat@gmail.com'.
2026-07-23 18:07:07,999 - [INFO] - _internal.py:97 - 127.0.0.1 - - [23/Jul/2026 18:07:07] "[31m[1mPOST /login HTTP/1.1[0m" 401 -
2026-07-23 18:07:42,672 - [INFO] - app.py:124 - Incoming session initialization request evaluated for address: 'bharat@gmail.com'.
2026-07-23 18:07:42,918 - [WARNING] - app.py:143 - Access Denied. Failed authentication credential signature on destination mapping target: 'bharat@gmail.com'.
2026-07-23 18:07:42,918 - [INFO] - _internal.py:97 - 127.0.0.1 - - [23/Jul/2026 18:07:42] "[31m[1mPOST /login HTTP/1.1[0m" 401 -
2026-07-23 18:09:56,022 - [WARNING] - app.py:157 - Unauthorized intrusion blocked at protected path '/dashboard' from network host source: 127.0.0.1
2026-07-23 18:09:56,023 - [INFO] - _internal.py:97 - 127.0.0.1 - - [23/Jul/2026 18:09:56] "[32mGET /dashboard HTTP/1.1[0m" 302 -
2026-07-23 18:09:56,030 - [INFO] - _internal.py:97 - 127.0.0.1 - - [23/Jul/2026 18:09:56] "GET /login HTTP/1.1" 200 -
2026-07-23 18:11:12,984 - [INFO] - _internal.py:97 -  * Detected change in 'D:\\PythonWebDev\\Flask\\FlaskTutorial\\auth\\middleware\\middleware.py', reloading
2026-07-23 18:11:13,128 - [INFO] - _internal.py:97 -  * Restarting with stat
2026-07-23 18:11:14,982 - [INFO] - app.py:73 - Initializing system architecture setup layers...
2026-07-23 18:11:15,019 - [WARNING] - _internal.py:97 -  * Debugger is active!
2026-07-23 18:11:15,021 - [INFO] - _internal.py:97 -  * Debugger PIN: 145-541-483
2026-07-23 18:11:16,052 - [INFO] - _internal.py:97 -  * Detected change in 'D:\\PythonWebDev\\Flask\\FlaskTutorial\\auth\\middleware\\middleware.py', reloading
2026-07-23 18:11:16,199 - [INFO] - _internal.py:97 -  * Restarting with stat
2026-07-23 18:11:17,003 - [INFO] - app.py:73 - Initializing system architecture setup layers...
2026-07-23 18:11:17,020 - [WARNING] - _internal.py:97 -  * Debugger is active!
2026-07-23 18:11:17,023 - [INFO] - _internal.py:97 -  * Debugger PIN: 145-541-483
2026-07-23 18:11:19,050 - [INFO] - _internal.py:97 -  * Detected change in 'D:\\PythonWebDev\\Flask\\FlaskTutorial\\auth\\middleware\\middleware.py', reloading
2026-07-23 18:11:19,193 - [INFO] - _internal.py:97 -  * Restarting with stat
2026-07-23 18:11:19,796 - [INFO] - app.py:73 - Initializing system architecture setup layers...
2026-07-23 18:11:19,815 - [WARNING] - _internal.py:97 -  * Debugger is active!
2026-07-23 18:11:19,817 - [INFO] - _internal.py:97 -  * Debugger PIN: 145-541-483
2026-07-23 18:11:30,949 - [INFO] - _internal.py:97 -  * Detected change in 'D:\\PythonWebDev\\Flask\\FlaskTutorial\\auth\\middleware\\middleware.py', reloading
2026-07-23 18:11:31,065 - [INFO] - _internal.py:97 -  * Restarting with stat
2026-07-23 18:11:31,612 - [INFO] - app.py:73 - Initializing system architecture setup layers...
2026-07-23 18:11:31,630 - [WARNING] - _internal.py:97 -  * Debugger is active!
2026-07-23 18:11:31,632 - [INFO] - _internal.py:97 -  * Debugger PIN: 145-541-483
2026-07-23 18:11:33,658 - [INFO] - _internal.py:97 -  * Detected change in 'D:\\PythonWebDev\\Flask\\FlaskTutorial\\auth\\middleware\\middleware.py', reloading
2026-07-23 18:11:33,769 - [INFO] - _internal.py:97 -  * Restarting with stat
2026-07-23 18:11:34,267 - [INFO] - app.py:73 - Initializing system architecture setup layers...
2026-07-23 18:11:34,283 - [WARNING] - _internal.py:97 -  * Debugger is active!
2026-07-23 18:11:34,284 - [INFO] - _internal.py:97 -  * Debugger PIN: 145-541-483
2026-07-23 18:11:37,328 - [INFO] - _internal.py:97 -  * Detected change in 'D:\\PythonWebDev\\Flask\\FlaskTutorial\\auth\\middleware\\middleware.py', reloading
2026-07-23 18:11:37,461 - [INFO] - _internal.py:97 -  * Restarting with stat
2026-07-23 18:11:38,203 - [INFO] - app.py:73 - Initializing system architecture setup layers...
2026-07-23 18:11:38,241 - [WARNING] - _internal.py:97 -  * Debugger is active!
2026-07-23 18:11:38,246 - [INFO] - _internal.py:97 -  * Debugger PIN: 145-541-483
2026-07-23 18:11:41,295 - [INFO] - _internal.py:97 -  * Detected change in 'D:\\PythonWebDev\\Flask\\FlaskTutorial\\auth\\middleware\\middleware.py', reloading
2026-07-23 18:11:41,430 - [INFO] - _internal.py:97 -  * Restarting with stat
2026-07-23 18:11:42,113 - [INFO] - app.py:73 - Initializing system architecture setup layers...
2026-07-23 18:11:42,138 - [WARNING] - _internal.py:97 -  * Debugger is active!
2026-07-23 18:11:42,142 - [INFO] - _internal.py:97 -  * Debugger PIN: 145-541-483
2026-07-23 18:11:43,169 - [INFO] - _internal.py:97 -  * Detected change in 'D:\\PythonWebDev\\Flask\\FlaskTutorial\\auth\\middleware\\middleware.py', reloading
2026-07-23 18:11:43,284 - [INFO] - _internal.py:97 -  * Restarting with stat
2026-07-23 18:11:43,902 - [INFO] - app.py:73 - Initializing system architecture setup layers...
2026-07-23 18:11:43,918 - [WARNING] - _internal.py:97 -  * Debugger is active!
2026-07-23 18:11:43,922 - [INFO] - _internal.py:97 -  * Debugger PIN: 145-541-483
2026-07-23 18:13:02,785 - [INFO] - _internal.py:97 -  * Detected change in 'D:\\PythonWebDev\\Flask\\FlaskTutorial\\auth\\middleware\\middleware.py', reloading
2026-07-23 18:13:02,964 - [INFO] - _internal.py:97 -  * Restarting with stat
2026-07-23 18:13:03,682 - [INFO] - app.py:73 - Initializing system architecture setup layers...
2026-07-23 18:13:03,698 - [WARNING] - _internal.py:97 -  * Debugger is active!
2026-07-23 18:13:03,700 - [INFO] - _internal.py:97 -  * Debugger PIN: 145-541-483
2026-07-23 18:13:07,768 - [INFO] - _internal.py:97 -  * Detected change in 'D:\\PythonWebDev\\Flask\\FlaskTutorial\\auth\\middleware\\middleware.py', reloading
2026-07-23 18:13:07,894 - [INFO] - _internal.py:97 -  * Restarting with stat
2026-07-23 18:13:08,372 - [INFO] - app.py:73 - Initializing system architecture setup layers...
2026-07-23 18:13:08,388 - [WARNING] - _internal.py:97 -  * Debugger is active!
2026-07-23 18:13:08,389 - [INFO] - _internal.py:97 -  * Debugger PIN: 145-541-483
2026-07-23 18:13:12,456 - [INFO] - _internal.py:97 -  * Detected change in 'D:\\PythonWebDev\\Flask\\FlaskTutorial\\auth\\middleware\\middleware.py', reloading
2026-07-23 18:13:12,581 - [INFO] - _internal.py:97 -  * Restarting with stat
2026-07-23 18:13:13,022 - [INFO] - app.py:73 - Initializing system architecture setup layers...
2026-07-23 18:13:13,036 - [WARNING] - _internal.py:97 -  * Debugger is active!
2026-07-23 18:13:13,037 - [INFO] - _internal.py:97 -  * Debugger PIN: 145-541-483
2026-07-23 18:13:18,087 - [INFO] - _internal.py:97 -  * Detected change in 'D:\\PythonWebDev\\Flask\\FlaskTutorial\\auth\\middleware\\middleware.py', reloading
2026-07-23 18:13:18,323 - [INFO] - _internal.py:97 -  * Restarting with stat
2026-07-23 18:13:18,795 - [INFO] - app.py:73 - Initializing system architecture setup layers...
2026-07-23 18:13:18,810 - [WARNING] - _internal.py:97 -  * Debugger is active!
2026-07-23 18:13:18,812 - [INFO] - _internal.py:97 -  * Debugger PIN: 145-541-483
2026-07-23 18:13:22,876 - [INFO] - _internal.py:97 -  * Detected change in 'D:\\PythonWebDev\\Flask\\FlaskTutorial\\auth\\middleware\\middleware.py', reloading
2026-07-23 18:13:22,992 - [INFO] - _internal.py:97 -  * Restarting with stat
2026-07-23 18:13:23,459 - [INFO] - app.py:73 - Initializing system architecture setup layers...
2026-07-23 18:13:23,474 - [WARNING] - _internal.py:97 -  * Debugger is active!
2026-07-23 18:13:23,476 - [INFO] - _internal.py:97 -  * Debugger PIN: 145-541-483
2026-07-23 18:13:27,556 - [INFO] - _internal.py:97 -  * Detected change in 'D:\\PythonWebDev\\Flask\\FlaskTutorial\\auth\\middleware\\middleware.py', reloading
2026-07-23 18:13:27,693 - [INFO] - _internal.py:97 -  * Restarting with stat
2026-07-23 18:13:28,189 - [INFO] - app.py:73 - Initializing system architecture setup layers...
2026-07-23 18:13:28,203 - [WARNING] - _internal.py:97 -  * Debugger is active!
2026-07-23 18:13:28,204 - [INFO] - _internal.py:97 -  * Debugger PIN: 145-541-483
2026-07-23 18:13:31,267 - [INFO] - _internal.py:97 -  * Detected change in 'D:\\PythonWebDev\\Flask\\FlaskTutorial\\auth\\middleware\\middleware.py', reloading
2026-07-23 18:13:31,416 - [INFO] - _internal.py:97 -  * Restarting with stat
2026-07-23 18:13:31,855 - [INFO] - app.py:73 - Initializing system architecture setup layers...
2026-07-23 18:13:31,869 - [WARNING] - _internal.py:97 -  * Debugger is active!
2026-07-23 18:13:31,870 - [INFO] - _internal.py:97 -  * Debugger PIN: 145-541-483
2026-07-23 18:13:35,953 - [INFO] - _internal.py:97 -  * Detected change in 'D:\\PythonWebDev\\Flask\\FlaskTutorial\\auth\\middleware\\middleware.py', reloading
2026-07-23 18:13:36,075 - [INFO] - _internal.py:97 -  * Restarting with stat
2026-07-23 18:13:36,603 - [INFO] - app.py:73 - Initializing system architecture setup layers...
2026-07-23 18:13:36,619 - [WARNING] - _internal.py:97 -  * Debugger is active!
2026-07-23 18:13:36,620 - [INFO] - _internal.py:97 -  * Debugger PIN: 145-541-483
2026-07-23 18:13:38,658 - [INFO] - _internal.py:97 -  * Detected change in 'D:\\PythonWebDev\\Flask\\FlaskTutorial\\auth\\middleware\\middleware.py', reloading
2026-07-23 18:13:38,793 - [INFO] - _internal.py:97 -  * Restarting with stat
2026-07-23 18:13:39,261 - [INFO] - app.py:73 - Initializing system architecture setup layers...
2026-07-23 18:13:39,274 - [WARNING] - _internal.py:97 -  * Debugger is active!
2026-07-23 18:13:39,276 - [INFO] - _internal.py:97 -  * Debugger PIN: 145-541-483
2026-07-23 18:13:40,295 - [INFO] - _internal.py:97 -  * Detected change in 'D:\\PythonWebDev\\Flask\\FlaskTutorial\\auth\\middleware\\middleware.py', reloading
2026-07-23 18:13:40,429 - [INFO] - _internal.py:97 -  * Restarting with stat
2026-07-23 18:13:40,949 - [INFO] - app.py:73 - Initializing system architecture setup layers...
2026-07-23 18:13:40,963 - [WARNING] - _internal.py:97 -  * Debugger is active!
2026-07-23 18:13:40,964 - [INFO] - _internal.py:97 -  * Debugger PIN: 145-541-483
2026-07-23 18:13:43,000 - [INFO] - _internal.py:97 -  * Detected change in 'D:\\PythonWebDev\\Flask\\FlaskTutorial\\auth\\middleware\\middleware.py', reloading
2026-07-23 18:13:43,113 - [INFO] - _internal.py:97 -  * Restarting with stat
2026-07-23 18:13:43,614 - [INFO] - app.py:73 - Initializing system architecture setup layers...
2026-07-23 18:13:43,629 - [WARNING] - _internal.py:97 -  * Debugger is active!
2026-07-23 18:13:43,630 - [INFO] - _internal.py:97 -  * Debugger PIN: 145-541-483
2026-07-23 18:13:44,661 - [INFO] - _internal.py:97 -  * Detected change in 'D:\\PythonWebDev\\Flask\\FlaskTutorial\\auth\\middleware\\middleware.py', reloading
2026-07-23 18:13:44,786 - [INFO] - _internal.py:97 -  * Restarting with stat
2026-07-23 18:13:45,324 - [INFO] - app.py:73 - Initializing system architecture setup layers...
2026-07-23 18:13:45,339 - [WARNING] - _internal.py:97 -  * Debugger is active!
2026-07-23 18:13:45,342 - [INFO] - _internal.py:97 -  * Debugger PIN: 145-541-483
2026-07-23 18:13:46,362 - [INFO] - _internal.py:97 -  * Detected change in 'D:\\PythonWebDev\\Flask\\FlaskTutorial\\auth\\middleware\\middleware.py', reloading
2026-07-23 18:13:46,500 - [INFO] - _internal.py:97 -  * Restarting with stat
2026-07-23 18:13:47,068 - [INFO] - app.py:73 - Initializing system architecture setup layers...
2026-07-23 18:13:47,085 - [WARNING] - _internal.py:97 -  * Debugger is active!
2026-07-23 18:13:47,087 - [INFO] - _internal.py:97 -  * Debugger PIN: 145-541-483
2026-07-23 18:13:48,110 - [INFO] - _internal.py:97 -  * Detected change in 'D:\\PythonWebDev\\Flask\\FlaskTutorial\\auth\\middleware\\middleware.py', reloading
2026-07-23 18:13:48,230 - [INFO] - _internal.py:97 -  * Restarting with stat
2026-07-23 18:13:48,705 - [INFO] - app.py:73 - Initializing system architecture setup layers...
2026-07-23 18:13:48,720 - [WARNING] - _internal.py:97 -  * Debugger is active!
2026-07-23 18:13:48,722 - [INFO] - _internal.py:97 -  * Debugger PIN: 145-541-483
2026-07-23 18:13:50,753 - [INFO] - _internal.py:97 -  * Detected change in 'D:\\PythonWebDev\\Flask\\FlaskTutorial\\auth\\middleware\\middleware.py', reloading
2026-07-23 18:13:50,859 - [INFO] - _internal.py:97 -  * Restarting with stat
2026-07-23 18:13:51,467 - [INFO] - app.py:73 - Initializing system architecture setup layers...
2026-07-23 18:13:51,487 - [WARNING] - _internal.py:97 -  * Debugger is active!
2026-07-23 18:13:51,488 - [INFO] - _internal.py:97 -  * Debugger PIN: 145-541-483
2026-07-23 18:13:53,519 - [INFO] - _internal.py:97 -  * Detected change in 'D:\\PythonWebDev\\Flask\\FlaskTutorial\\auth\\middleware\\middleware.py', reloading
2026-07-23 18:13:53,647 - [INFO] - _internal.py:97 -  * Restarting with stat
2026-07-23 18:13:54,169 - [INFO] - app.py:73 - Initializing system architecture setup layers...
2026-07-23 18:13:54,184 - [WARNING] - _internal.py:97 -  * Debugger is active!
2026-07-23 18:13:54,186 - [INFO] - _internal.py:97 -  * Debugger PIN: 145-541-483
2026-07-23 18:13:55,208 - [INFO] - _internal.py:97 -  * Detected change in 'D:\\PythonWebDev\\Flask\\FlaskTutorial\\auth\\middleware\\middleware.py', reloading
2026-07-23 18:13:55,406 - [INFO] - _internal.py:97 -  * Restarting with stat
2026-07-23 18:13:56,033 - [INFO] - app.py:73 - Initializing system architecture setup layers...
2026-07-23 18:13:56,047 - [WARNING] - _internal.py:97 -  * Debugger is active!
2026-07-23 18:13:56,049 - [INFO] - _internal.py:97 -  * Debugger PIN: 145-541-483
2026-07-23 18:14:01,155 - [INFO] - _internal.py:97 -  * Detected change in 'D:\\PythonWebDev\\Flask\\FlaskTutorial\\auth\\middleware\\middleware.py', reloading
2026-07-23 18:14:01,274 - [INFO] - _internal.py:97 -  * Restarting with stat
2026-07-23 18:14:01,720 - [INFO] - app.py:73 - Initializing system architecture setup layers...
2026-07-23 18:14:01,734 - [WARNING] - _internal.py:97 -  * Debugger is active!
2026-07-23 18:14:01,735 - [INFO] - _internal.py:97 -  * Debugger PIN: 145-541-483
2026-07-23 18:14:07,829 - [INFO] - _internal.py:97 -  * Detected change in 'D:\\PythonWebDev\\Flask\\FlaskTutorial\\auth\\middleware\\middleware.py', reloading
2026-07-23 18:14:07,939 - [INFO] - _internal.py:97 -  * Restarting with stat
2026-07-23 18:14:08,378 - [INFO] - app.py:73 - Initializing system architecture setup layers...
2026-07-23 18:14:08,392 - [WARNING] - _internal.py:97 -  * Debugger is active!
2026-07-23 18:14:08,393 - [INFO] - _internal.py:97 -  * Debugger PIN: 145-541-483
2026-07-23 18:14:09,410 - [INFO] - _internal.py:97 -  * Detected change in 'D:\\PythonWebDev\\Flask\\FlaskTutorial\\auth\\middleware\\middleware.py', reloading
2026-07-23 18:14:09,561 - [INFO] - _internal.py:97 -  * Restarting with stat
2026-07-23 18:14:10,126 - [INFO] - app.py:73 - Initializing system architecture setup layers...
2026-07-23 18:14:10,141 - [WARNING] - _internal.py:97 -  * Debugger is active!
2026-07-23 18:14:10,143 - [INFO] - _internal.py:97 -  * Debugger PIN: 145-541-483
2026-07-23 18:14:14,195 - [INFO] - _internal.py:97 -  * Detected change in 'D:\\PythonWebDev\\Flask\\FlaskTutorial\\auth\\middleware\\middleware.py', reloading
2026-07-23 18:14:14,296 - [INFO] - _internal.py:97 -  * Restarting with stat
2026-07-23 18:14:14,747 - [INFO] - app.py:73 - Initializing system architecture setup layers...
2026-07-23 18:14:14,761 - [WARNING] - _internal.py:97 -  * Debugger is active!
2026-07-23 18:14:14,762 - [INFO] - _internal.py:97 -  * Debugger PIN: 145-541-483
2026-07-23 18:14:16,801 - [INFO] - _internal.py:97 -  * Detected change in 'D:\\PythonWebDev\\Flask\\FlaskTutorial\\auth\\middleware\\middleware.py', reloading
2026-07-23 18:14:16,909 - [INFO] - _internal.py:97 -  * Restarting with stat
2026-07-23 18:14:17,424 - [INFO] - app.py:73 - Initializing system architecture setup layers...
2026-07-23 18:14:17,438 - [WARNING] - _internal.py:97 -  * Debugger is active!
2026-07-23 18:14:17,440 - [INFO] - _internal.py:97 -  * Debugger PIN: 145-541-483
2026-07-23 18:14:19,469 - [INFO] - _internal.py:97 -  * Detected change in 'D:\\PythonWebDev\\Flask\\FlaskTutorial\\auth\\middleware\\middleware.py', reloading
2026-07-23 18:14:19,601 - [INFO] - _internal.py:97 -  * Restarting with stat
2026-07-23 18:14:20,067 - [INFO] - app.py:73 - Initializing system architecture setup layers...
2026-07-23 18:14:20,081 - [WARNING] - _internal.py:97 -  * Debugger is active!
2026-07-23 18:14:20,082 - [INFO] - _internal.py:97 -  * Debugger PIN: 145-541-483
2026-07-23 18:14:21,125 - [INFO] - _internal.py:97 -  * Detected change in 'D:\\PythonWebDev\\Flask\\FlaskTutorial\\auth\\middleware\\middleware.py', reloading
2026-07-23 18:14:21,240 - [INFO] - _internal.py:97 -  * Restarting with stat
2026-07-23 18:14:22,036 - [INFO] - app.py:73 - Initializing system architecture setup layers...
2026-07-23 18:14:22,051 - [WARNING] - _internal.py:97 -  * Debugger is active!
2026-07-23 18:14:22,053 - [INFO] - _internal.py:97 -  * Debugger PIN: 145-541-483
2026-07-23 18:14:28,126 - [INFO] - _internal.py:97 -  * Detected change in 'D:\\PythonWebDev\\Flask\\FlaskTutorial\\auth\\middleware\\middleware.py', reloading
2026-07-23 18:14:28,248 - [INFO] - _internal.py:97 -  * Restarting with stat
2026-07-23 18:14:28,694 - [INFO] - app.py:73 - Initializing system architecture setup layers...
2026-07-23 18:14:28,707 - [WARNING] - _internal.py:97 -  * Debugger is active!
2026-07-23 18:14:28,709 - [INFO] - _internal.py:97 -  * Debugger PIN: 145-541-483
2026-07-23 18:14:30,766 - [INFO] - _internal.py:97 -  * Detected change in 'D:\\PythonWebDev\\Flask\\FlaskTutorial\\auth\\middleware\\middleware.py', reloading
2026-07-23 18:14:31,188 - [INFO] - _internal.py:97 -  * Restarting with stat
2026-07-23 18:14:31,762 - [INFO] - app.py:73 - Initializing system architecture setup layers...
2026-07-23 18:14:31,776 - [WARNING] - _internal.py:97 -  * Debugger is active!
2026-07-23 18:14:31,778 - [INFO] - _internal.py:97 -  * Debugger PIN: 145-541-483
2026-07-23 18:14:33,815 - [INFO] - _internal.py:97 -  * Detected change in 'D:\\PythonWebDev\\Flask\\FlaskTutorial\\auth\\middleware\\middleware.py', reloading
2026-07-23 18:14:33,941 - [INFO] - _internal.py:97 -  * Restarting with stat
2026-07-23 18:14:34,377 - [INFO] - app.py:73 - Initializing system architecture setup layers...
2026-07-23 18:14:34,391 - [WARNING] - _internal.py:97 -  * Debugger is active!
2026-07-23 18:14:34,393 - [INFO] - _internal.py:97 -  * Debugger PIN: 145-541-483
2026-07-23 18:14:37,445 - [INFO] - _internal.py:97 -  * Detected change in 'D:\\PythonWebDev\\Flask\\FlaskTutorial\\auth\\middleware\\middleware.py', reloading
2026-07-23 18:14:37,618 - [INFO] - _internal.py:97 -  * Restarting with stat
2026-07-23 18:14:38,128 - [INFO] - app.py:73 - Initializing system architecture setup layers...
2026-07-23 18:14:38,143 - [WARNING] - _internal.py:97 -  * Debugger is active!
2026-07-23 18:14:38,145 - [INFO] - _internal.py:97 -  * Debugger PIN: 145-541-483
2026-07-23 18:14:44,231 - [INFO] - _internal.py:97 -  * Detected change in 'D:\\PythonWebDev\\Flask\\FlaskTutorial\\auth\\middleware\\middleware.py', reloading
2026-07-23 18:14:44,336 - [INFO] - _internal.py:97 -  * Restarting with stat
2026-07-23 18:14:44,833 - [INFO] - app.py:73 - Initializing system architecture setup layers...
2026-07-23 18:14:44,850 - [WARNING] - _internal.py:97 -  * Debugger is active!
2026-07-23 18:14:44,852 - [INFO] - _internal.py:97 -  * Debugger PIN: 145-541-483
2026-07-23 18:15:16,121 - [INFO] - _internal.py:97 -  * Detected change in 'D:\\PythonWebDev\\Flask\\FlaskTutorial\\auth\\app.py', reloading
2026-07-23 18:15:16,298 - [INFO] - _internal.py:97 -  * Restarting with stat
2026-07-23 18:15:17,019 - [INFO] - app.py:74 - Initializing system architecture setup layers...
2026-07-23 18:15:17,037 - [WARNING] - _internal.py:97 -  * Debugger is active!
2026-07-23 18:15:17,039 - [INFO] - _internal.py:97 -  * Debugger PIN: 145-541-483
2026-07-23 18:15:22,151 - [INFO] - _internal.py:97 -  * Detected change in 'D:\\PythonWebDev\\Flask\\FlaskTutorial\\auth\\app.py', reloading
2026-07-23 18:15:22,315 - [INFO] - _internal.py:97 -  * Restarting with stat
2026-07-23 18:16:40,956 - [INFO] - app.py:74 - Initializing system architecture setup layers...
2026-07-23 18:16:40,991 - [INFO] - _internal.py:97 - [31m[1mWARNING: This is a development server. Do not use it in a production deployment. Use a production WSGI server instead.[0m
 * Running on http://127.0.0.1:5000
2026-07-23 18:16:40,991 - [INFO] - _internal.py:97 - [33mPress CTRL+C to quit[0m
2026-07-23 18:16:40,993 - [INFO] - _internal.py:97 -  * Restarting with stat
2026-07-23 18:16:41,493 - [INFO] - app.py:74 - Initializing system architecture setup layers...
2026-07-23 18:16:41,514 - [WARNING] - _internal.py:97 -  * Debugger is active!
2026-07-23 18:16:41,516 - [INFO] - _internal.py:97 -  * Debugger PIN: 145-541-483
2026-07-23 18:16:42,901 - [INFO] - _internal.py:97 - 127.0.0.1 - - [23/Jul/2026 18:16:42] "GET /register HTTP/1.1" 200 -
2026-07-23 18:17:17,633 - [INFO] - app.py:95 - Processing a registration attempt for username: 'bharatkadam', email: 'bharatkadam@gmail.com'.
2026-07-23 18:17:17,935 - [INFO] - app.py:108 - Successfully finalized database insertion record for profile: 'bharatkadam'.
2026-07-23 18:17:17,936 - [INFO] - _internal.py:97 - 127.0.0.1 - - [23/Jul/2026 18:17:17] "[32mPOST /register HTTP/1.1[0m" 302 -
2026-07-23 18:17:17,944 - [INFO] - _internal.py:97 - 127.0.0.1 - - [23/Jul/2026 18:17:17] "GET /login HTTP/1.1" 200 -
2026-07-23 18:17:26,358 - [INFO] - app.py:125 - Incoming session initialization request evaluated for address: 'bharatkadam@gmail.com'.
2026-07-23 18:17:26,649 - [INFO] - app.py:141 - Authorization token matched. User session online for profile context 'bharatkadam'.
2026-07-23 18:17:26,650 - [INFO] - _internal.py:97 - 127.0.0.1 - - [23/Jul/2026 18:17:26] "[32mPOST /login HTTP/1.1[0m" 302 -
2026-07-23 18:17:26,656 - [INFO] - _internal.py:97 - 127.0.0.1 - - [23/Jul/2026 18:17:26] "[32mGET /dashboard HTTP/1.1[0m" 302 -
2026-07-23 18:17:26,660 - [INFO] - _internal.py:97 - 127.0.0.1 - - [23/Jul/2026 18:17:26] "GET /login HTTP/1.1" 200 -
2026-07-23 18:17:46,390 - [INFO] - _internal.py:97 -  * Detected change in 'D:\\PythonWebDev\\Flask\\FlaskTutorial\\auth\\app.py', reloading
2026-07-23 18:17:46,712 - [INFO] - _internal.py:97 -  * Restarting with stat
2026-07-23 18:17:47,325 - [INFO] - app.py:74 - Initializing system architecture setup layers...
2026-07-23 18:17:47,342 - [WARNING] - _internal.py:97 -  * Debugger is active!
2026-07-23 18:17:47,344 - [INFO] - _internal.py:97 -  * Debugger PIN: 145-541-483
2026-07-23 18:17:55,126 - [INFO] - app.py:125 - Incoming session initialization request evaluated for address: 'bharatkadam@gmail.com'.
2026-07-23 18:17:55,418 - [INFO] - app.py:141 - Authorization token matched. User session online for profile context 'bharatkadam'.
2026-07-23 18:17:55,419 - [INFO] - _internal.py:97 - 127.0.0.1 - - [23/Jul/2026 18:17:55] "[32mPOST /login HTTP/1.1[0m" 302 -
2026-07-23 18:17:55,424 - [INFO] - _internal.py:97 - 127.0.0.1 - - [23/Jul/2026 18:17:55] "[32mGET /dashboard HTTP/1.1[0m" 302 -
2026-07-23 18:17:55,430 - [INFO] - _internal.py:97 - 127.0.0.1 - - [23/Jul/2026 18:17:55] "GET /login HTTP/1.1" 200 -
2026-07-23 18:18:00,516 - [INFO] - _internal.py:97 -  * Detected change in 'D:\\PythonWebDev\\Flask\\FlaskTutorial\\auth\\app.py', reloading
2026-07-23 18:18:00,669 - [INFO] - _internal.py:97 -  * Restarting with stat
2026-07-23 18:18:01,226 - [INFO] - app.py:74 - Initializing system architecture setup layers...
2026-07-23 18:18:01,241 - [WARNING] - _internal.py:97 -  * Debugger is active!
2026-07-23 18:18:01,243 - [INFO] - _internal.py:97 -  * Debugger PIN: 145-541-483
2026-07-23 18:18:09,372 - [INFO] - _internal.py:97 -  * Detected change in 'D:\\PythonWebDev\\Flask\\FlaskTutorial\\auth\\app.py', reloading
2026-07-23 18:18:09,500 - [INFO] - _internal.py:97 -  * Restarting with stat
2026-07-23 18:18:10,050 - [INFO] - app.py:74 - Initializing system architecture setup layers...
2026-07-23 18:18:10,065 - [WARNING] - _internal.py:97 -  * Debugger is active!
2026-07-23 18:18:10,067 - [INFO] - _internal.py:97 -  * Debugger PIN: 145-541-483
2026-07-23 18:18:16,705 - [INFO] - app.py:125 - Incoming session initialization request evaluated for address: 'bharatkadam@gmail.com'.
2026-07-23 18:18:16,996 - [INFO] - app.py:141 - Authorization token matched. User session online for profile context 'bharatkadam'.
2026-07-23 18:18:16,997 - [INFO] - _internal.py:97 - 127.0.0.1 - - [23/Jul/2026 18:18:16] "[32mPOST /login HTTP/1.1[0m" 302 -
2026-07-23 18:18:17,001 - [DEBUG] - app.py:162 - Pulling transactional audit logs for authorized profile session: 'bharatkadam'.
2026-07-23 18:18:17,018 - [INFO] - _internal.py:97 - 127.0.0.1 - - [23/Jul/2026 18:18:17] "GET /dashboard HTTP/1.1" 200 -
2026-07-23 18:19:03,716 - [INFO] - _internal.py:97 -  * Detected change in 'D:\\PythonWebDev\\Flask\\FlaskTutorial\\auth\\middleware\\middleware.py', reloading
2026-07-23 18:19:03,835 - [INFO] - _internal.py:97 -  * Restarting with stat
2026-07-23 18:19:04,317 - [INFO] - app.py:74 - Initializing system architecture setup layers...
2026-07-23 18:19:04,332 - [WARNING] - _internal.py:97 -  * Debugger is active!
2026-07-23 18:19:04,334 - [INFO] - _internal.py:97 -  * Debugger PIN: 145-541-483
2026-07-23 18:19:08,411 - [INFO] - _internal.py:97 -  * Detected change in 'D:\\PythonWebDev\\Flask\\FlaskTutorial\\auth\\middleware\\middleware.py', reloading
2026-07-23 18:19:08,581 - [INFO] - _internal.py:97 -  * Restarting with stat
2026-07-23 18:19:09,094 - [INFO] - app.py:74 - Initializing system architecture setup layers...
2026-07-23 18:19:09,108 - [WARNING] - _internal.py:97 -  * Debugger is active!
2026-07-23 18:19:09,110 - [INFO] - _internal.py:97 -  * Debugger PIN: 145-541-483
2026-07-23 18:19:10,127 - [INFO] - _internal.py:97 -  * Detected change in 'D:\\PythonWebDev\\Flask\\FlaskTutorial\\auth\\middleware\\middleware.py', reloading
2026-07-23 18:19:10,228 - [INFO] - _internal.py:97 -  * Restarting with stat
2026-07-23 18:19:10,685 - [INFO] - app.py:74 - Initializing system architecture setup layers...
2026-07-23 18:19:10,700 - [WARNING] - _internal.py:97 -  * Debugger is active!
2026-07-23 18:19:10,701 - [INFO] - _internal.py:97 -  * Debugger PIN: 145-541-483
2026-07-23 18:19:13,762 - [INFO] - _internal.py:97 -  * Detected change in 'D:\\PythonWebDev\\Flask\\FlaskTutorial\\auth\\middleware\\middleware.py', reloading
2026-07-23 18:19:13,984 - [INFO] - _internal.py:97 -  * Restarting with stat
2026-07-23 18:19:14,552 - [INFO] - app.py:74 - Initializing system architecture setup layers...
2026-07-23 18:19:14,567 - [WARNING] - _internal.py:97 -  * Debugger is active!
2026-07-23 18:19:14,568 - [INFO] - _internal.py:97 -  * Debugger PIN: 145-541-483
2026-07-23 18:19:17,600 - [INFO] - _internal.py:97 -  * Detected change in 'D:\\PythonWebDev\\Flask\\FlaskTutorial\\auth\\middleware\\middleware.py', reloading
2026-07-23 18:19:17,724 - [INFO] - _internal.py:97 -  * Restarting with stat
2026-07-23 18:19:18,214 - [INFO] - app.py:74 - Initializing system architecture setup layers...
2026-07-23 18:19:18,230 - [WARNING] - _internal.py:97 -  * Debugger is active!
2026-07-23 18:19:18,232 - [INFO] - _internal.py:97 -  * Debugger PIN: 145-541-483
2026-07-23 18:19:55,634 - [INFO] - _internal.py:97 -  * Detected change in 'D:\\PythonWebDev\\Flask\\FlaskTutorial\\auth\\middleware\\middleware.py', reloading
2026-07-23 18:19:55,758 - [INFO] - _internal.py:97 -  * Restarting with stat
2026-07-23 18:19:56,256 - [INFO] - app.py:74 - Initializing system architecture setup layers...
2026-07-23 18:19:56,271 - [WARNING] - _internal.py:97 -  * Debugger is active!
2026-07-23 18:19:56,273 - [INFO] - _internal.py:97 -  * Debugger PIN: 145-541-483
2026-07-23 18:20:14,488 - [INFO] - _internal.py:97 -  * Detected change in 'D:\\PythonWebDev\\Flask\\FlaskTutorial\\auth\\app.py', reloading
2026-07-23 18:20:14,609 - [INFO] - _internal.py:97 -  * Restarting with stat
2026-07-23 18:20:15,187 - [INFO] - app.py:74 - Initializing system architecture setup layers...
2026-07-23 18:20:15,201 - [WARNING] - _internal.py:97 -  * Debugger is active!
2026-07-23 18:20:15,203 - [INFO] - _internal.py:97 -  * Debugger PIN: 145-541-483
2026-07-23 18:20:18,244 - [INFO] - _internal.py:97 -  * Detected change in 'D:\\PythonWebDev\\Flask\\FlaskTutorial\\auth\\app.py', reloading
2026-07-23 18:20:18,386 - [INFO] - _internal.py:97 -  * Restarting with stat
2026-07-23 18:20:18,951 - [INFO] - app.py:74 - Initializing system architecture setup layers...
2026-07-23 18:20:27,789 - [INFO] - app.py:74 - Initializing system architecture setup layers...
2026-07-23 18:20:27,812 - [INFO] - _internal.py:97 - [31m[1mWARNING: This is a development server. Do not use it in a production deployment. Use a production WSGI server instead.[0m
 * Running on http://127.0.0.1:5000
2026-07-23 18:20:27,812 - [INFO] - _internal.py:97 - [33mPress CTRL+C to quit[0m
2026-07-23 18:20:27,813 - [INFO] - _internal.py:97 -  * Restarting with stat
2026-07-23 18:20:28,291 - [INFO] - app.py:74 - Initializing system architecture setup layers...
2026-07-23 18:20:28,305 - [WARNING] - _internal.py:97 -  * Debugger is active!
2026-07-23 18:20:28,307 - [INFO] - _internal.py:97 -  * Debugger PIN: 145-541-483
2026-07-23 18:20:32,885 - [DEBUG] - app.py:162 - Pulling transactional audit logs for authorized profile session: 'bharatkadam'.
2026-07-23 18:20:32,908 - [INFO] - _internal.py:97 - 127.0.0.1 - - [23/Jul/2026 18:20:32] "GET /dashboard HTTP/1.1" 200 -
2026-07-23 18:20:41,201 - [INFO] - _internal.py:97 - 127.0.0.1 - - [23/Jul/2026 18:20:41] "GET /login HTTP/1.1" 200 -
2026-07-23 18:20:52,284 - [INFO] - _internal.py:97 - 127.0.0.1 - - [23/Jul/2026 18:20:52] "[33mGET /home HTTP/1.1[0m" 404 -
2026-07-23 18:20:56,004 - [DEBUG] - app.py:82 - Root path entry point accessed by remote client client.
2026-07-23 18:20:56,007 - [INFO] - _internal.py:97 - 127.0.0.1 - - [23/Jul/2026 18:20:56] "GET / HTTP/1.1" 200 -
2026-07-23 18:22:45,904 - [INFO] - _internal.py:97 -  * Detected change in 'D:\\PythonWebDev\\Flask\\FlaskTutorial\\auth\\middleware\\middleware.py', reloading
2026-07-23 18:22:46,034 - [INFO] - _internal.py:97 -  * Restarting with stat
2026-07-23 18:22:46,686 - [INFO] - app.py:74 - Initializing system architecture setup layers...
2026-07-23 18:22:46,702 - [WARNING] - _internal.py:97 -  * Debugger is active!
2026-07-23 18:22:46,704 - [INFO] - _internal.py:97 -  * Debugger PIN: 145-541-483
2026-07-23 18:23:33,253 - [INFO] - _internal.py:97 -  * Detected change in 'D:\\PythonWebDev\\Flask\\FlaskTutorial\\auth\\app.py', reloading
2026-07-23 18:23:33,419 - [INFO] - _internal.py:97 -  * Restarting with stat
2026-07-23 18:23:47,450 - [INFO] - app.py:74 - Initializing system architecture setup layers...
2026-07-23 18:23:47,474 - [INFO] - _internal.py:97 - [31m[1mWARNING: This is a development server. Do not use it in a production deployment. Use a production WSGI server instead.[0m
 * Running on http://127.0.0.1:5000
2026-07-23 18:23:47,474 - [INFO] - _internal.py:97 - [33mPress CTRL+C to quit[0m
2026-07-23 18:23:47,474 - [INFO] - _internal.py:97 -  * Restarting with stat
2026-07-23 18:23:47,997 - [INFO] - app.py:74 - Initializing system architecture setup layers...
2026-07-23 18:23:48,016 - [WARNING] - _internal.py:97 -  * Debugger is active!
2026-07-23 18:23:48,018 - [INFO] - _internal.py:97 -  * Debugger PIN: 145-541-483
2026-07-23 18:23:51,883 - [INFO] - _internal.py:97 - 127.0.0.1 - - [23/Jul/2026 18:23:51] "GET /login HTTP/1.1" 200 -
2026-07-23 18:23:59,198 - [INFO] - app.py:125 - Incoming session initialization request evaluated for address: 'bharatkadam@gmail.com'.
2026-07-23 18:23:59,498 - [INFO] - app.py:141 - Authorization token matched. User session online for profile context 'bharatkadam'.
2026-07-23 18:23:59,499 - [INFO] - _internal.py:97 - 127.0.0.1 - - [23/Jul/2026 18:23:59] "[32mPOST /login HTTP/1.1[0m" 302 -
2026-07-23 18:23:59,506 - [DEBUG] - app.py:165 - Loading dashboard for user 'bharatkadam'.
2026-07-23 18:23:59,512 - [INFO] - _internal.py:97 - 127.0.0.1 - - [23/Jul/2026 18:23:59] "GET /dashboard HTTP/1.1" 200 -
2026-07-23 18:24:07,571 - [INFO] - _internal.py:97 - 127.0.0.1 - - [23/Jul/2026 18:24:07] "GET /login HTTP/1.1" 200 -
2026-07-23 18:26:08,430 - [INFO] - _internal.py:97 -  * Detected change in 'D:\\PythonWebDev\\Flask\\FlaskTutorial\\auth\\middleware\\middleware.py', reloading
2026-07-23 18:26:08,562 - [INFO] - _internal.py:97 -  * Restarting with stat
2026-07-23 18:26:09,488 - [INFO] - app.py:74 - Initializing system architecture setup layers...
2026-07-23 18:26:09,506 - [WARNING] - _internal.py:97 -  * Debugger is active!
2026-07-23 18:26:09,509 - [INFO] - _internal.py:97 -  * Debugger PIN: 145-541-483
2026-07-23 18:26:13,553 - [INFO] - _internal.py:97 -  * Detected change in 'D:\\PythonWebDev\\Flask\\FlaskTutorial\\auth\\middleware\\middleware.py', reloading
2026-07-23 18:26:13,673 - [INFO] - _internal.py:97 -  * Restarting with stat
2026-07-23 18:26:14,187 - [INFO] - app.py:74 - Initializing system architecture setup layers...
2026-07-23 18:26:14,201 - [WARNING] - _internal.py:97 -  * Debugger is active!
2026-07-23 18:26:14,203 - [INFO] - _internal.py:97 -  * Debugger PIN: 145-541-483
2026-07-23 18:26:15,222 - [INFO] - _internal.py:97 -  * Detected change in 'D:\\PythonWebDev\\Flask\\FlaskTutorial\\auth\\middleware\\middleware.py', reloading
2026-07-23 18:26:15,335 - [INFO] - _internal.py:97 -  * Restarting with stat
2026-07-23 18:26:15,860 - [INFO] - app.py:74 - Initializing system architecture setup layers...
2026-07-23 18:26:15,874 - [WARNING] - _internal.py:97 -  * Debugger is active!
2026-07-23 18:26:15,875 - [INFO] - _internal.py:97 -  * Debugger PIN: 145-541-483
2026-07-23 18:27:18,510 - [INFO] - _internal.py:97 -  * Detected change in 'D:\\PythonWebDev\\Flask\\FlaskTutorial\\auth\\app.py', reloading
2026-07-23 18:27:18,632 - [INFO] - _internal.py:97 -  * Restarting with stat
